-------------------------------------------------------------------------------
Test set: org.samstraumr.tube.RunCucumberTest
-------------------------------------------------------------------------------
Tests run: 22, Failures: 0, Errors: 1, Skipped: 20, Time elapsed: 8.315 s <<< FAILURE! -- in org.samstraumr.tube.RunCucumberTest
Tube Initialization and Logging.Tube Initialization and Logging - Tube generates unique UUIDs across multiple instantiations -- Time elapsed: 0.105 s <<< ERROR!
io.cucumber.junit.platform.engine.UndefinedStepException: 
The step '100 Tubes are instantiated simultaneously' and 3 other step(s) are undefined.
You can implement these steps using the snippet(s) below:

@When("{int} Tubes are instantiated simultaneously")
public void tubes_are_instantiated_simultaneously(Integer int1) {
    // Write code here that turns the phrase above into concrete actions
    throw new io.cucumber.java.PendingException();
}
@Then("each Tube should have a unique UUID")
public void each_tube_should_have_a_unique_uuid() {
    // Write code here that turns the phrase above into concrete actions
    throw new io.cucumber.java.PendingException();
}
@Then("no two Tubes should share the same UUID")
public void no_two_tubes_should_share_the_same_uuid() {
    // Write code here that turns the phrase above into concrete actions
    throw new io.cucumber.java.PendingException();
}
@Then("all Tube logs should be queryable for their UUIDs")
public void all_tube_logs_should_be_queryable_for_their_uui_ds() {
    // Write code here that turns the phrase above into concrete actions
    throw new io.cucumber.java.PendingException();
}

	at io.cucumber.core.runtime.TestCaseResultObserver.assertTestCasePassed(TestCaseResultObserver.java:69)
	at io.cucumber.junit.platform.engine.TestCaseResultObserver.assertTestCasePassed(TestCaseResultObserver.java:22)
	at io.cucumber.junit.platform.engine.CucumberEngineExecutionContext.lambda$runTestCase$4(CucumberEngineExecutionContext.java:114)
	at io.cucumber.core.runtime.CucumberExecutionContext.lambda$runTestCase$5(CucumberExecutionContext.java:137)
	at io.cucumber.core.runtime.RethrowingThrowableCollector.executeAndThrow(RethrowingThrowableCollector.java:23)
	at io.cucumber.core.runtime.CucumberExecutionContext.runTestCase(CucumberExecutionContext.java:137)
	at io.cucumber.junit.platform.engine.CucumberEngineExecutionContext.runTestCase(CucumberEngineExecutionContext.java:109)
	at io.cucumber.junit.platform.engine.NodeDescriptor$PickleDescriptor.execute(NodeDescriptor.java:168)
	at io.cucumber.junit.platform.engine.NodeDescriptor$PickleDescriptor.execute(NodeDescriptor.java:90)
	at java.base/java.util.ArrayList.forEach(ArrayList.java:1596)
	at java.base/java.util.ArrayList.forEach(ArrayList.java:1596)

