<?xml version="1.0" encoding="UTF-8"?>
<testsuite xmlns:xsi="http://www.w3.org/2001/XMLSchema-instance" xsi:noNamespaceSchemaLocation="https://maven.apache.org/surefire/maven-surefire-plugin/xsd/surefire-test-report-3.0.xsd" version="3.0" name="org.samstraumr.tube.RunCucumberTest" time="8.315" tests="22" errors="1" skipped="20" failures="0">
  <properties>
[...]
</properties>
  <testcase name="Tube Initialization and Logging - Tube initializes with a unique ID and logs environment details" classname="Tube Initialization and Logging" time="4.793">
    <system-out><![CDATA[
@ATL @L0_Tube @ATL @L0_Tube @Init @Identity @Awareness
Scenario: Tube initializes with a unique ID and logs environment details &amp#27;[90m# tube/features/L0_Tube/TubeInitializationTest.feature:66&amp#27;[0m
2025-04-02 13:56:17.589 [main] INFO  org.samstraumr.tube.Environment - Environment initialized successfully
2025-04-02 13:56:17.616 [main] INFO  org.samstraumr.tube.steps.TubeInitializationSteps - Environment object confirmed instantiated.
  &amp#27;[32mGiven &amp#27;[0m&amp#27;[32mthe operating environment is ready&amp#27;[0m                               &amp#27;[90m# org.samstraumr.tube.steps.TubeInitializationSteps.the_operating_environment_is_ready()&amp#27;[0m
2025-04-02 13:56:17.683 [main] INFO  org.samstraumr.tube.Tube - Initializing new Tube with reason: Test Initialization
2025-04-02 13:56:18.190 [main] DEBUG org.samstraumr.tube.Tube - Tube initialized with ID: 0d59e55e7354772f558a6311c0af99878c6a899bb8fe842bafab25ce43371926
2025-04-02 13:56:18.191 [main] INFO  org.samstraumr.tube.Tube - Setting termination delay to 60 seconds
  &amp#27;[32mWhen &amp#27;[0m&amp#27;[32ma new Tube is instantiated with reason &amp#27;[0m&amp#27;[32m&amp#27;[1m"Test Initialization"&amp#27;[0m      &amp#27;[90m# org.samstraumr.tube.steps.TubeInitializationSteps.a_new_Tube_is_instantiated_with_reason(java.lang.String)&amp#27;[0m
  &amp#27;[32mThen &amp#27;[0m&amp#27;[32mthe Tube should initialize with a unique UUID&amp#27;[0m                     &amp#27;[90m# org.samstraumr.tube.steps.TubeInitializationSteps.the_Tube_should_initialize_with_a_unique_UUID()&amp#27;[0m
2025-04-02 13:56:18.211 [main] DEBUG org.samstraumr.tube.Tube - Querying Mimir log. Current size: 4
  &amp#27;[32mAnd &amp#27;[0m&amp#27;[32mthe Tube should log its environment details&amp#27;[0m                        &amp#27;[90m# org.samstraumr.tube.steps.TubeInitializationSteps.the_Tube_should_log_its_environment_details()&amp#27;[0m
2025-04-02 13:56:18.219 [main] DEBUG org.samstraumr.tube.Tube - Querying Mimir log. Current size: 4
  &amp#27;[32mAnd &amp#27;[0m&amp#27;[32mthe Tube should log the reason &amp#27;[0m&amp#27;[32m&amp#27;[1m"Test Initialization"&amp#27;[0m               &amp#27;[90m# org.samstraumr.tube.steps.TubeInitializationSteps.the_Tube_should_log_the_reason(java.lang.String)&amp#27;[0m
2025-04-02 13:56:18.221 [main] DEBUG org.samstraumr.tube.Tube - Querying Mimir log. Current size: 4
  &amp#27;[32mAnd &amp#27;[0m&amp#27;[32mthe Tube log should be queryable&amp#27;[0m                                   &amp#27;[90m# org.samstraumr.tube.steps.TubeInitializationSteps.the_Tube_log_should_be_queryable()&amp#27;[0m
]]></system-out>
  </testcase>
  <testcase name="Tube Initialization and Logging - Tube handles invalid environment initialization gracefully" classname="Tube Initialization and Logging" time="0.0">
    <skipped message="&apos;cucumber.filter.tags=@Identity&apos; did not match this scenario"/>
  </testcase>
  <testcase name="Tube Initialization and Logging - Tube generates unique UUIDs across multiple instantiations" classname="Tube Initialization and Logging" time="0.105">
    <error message="The step &apos;100 Tubes are instantiated simultaneously&apos; and 3 other step(s) are undefined.&#10;You can implement these steps using the snippet(s) below:&#10;&#10;@When(&quot;{int} Tubes are instantiated simultaneously&quot;)&#10;public void tubes_are_instantiated_simultaneously(Integer int1) {&#10;    // Write code here that turns the phrase above into concrete actions&#10;    throw new io.cucumber.java.PendingException();&#10;}&#10;@Then(&quot;each Tube should have a unique UUID&quot;)&#10;public void each_tube_should_have_a_unique_uuid() {&#10;    // Write code here that turns the phrase above into concrete actions&#10;    throw new io.cucumber.java.PendingException();&#10;}&#10;@Then(&quot;no two Tubes should share the same UUID&quot;)&#10;public void no_two_tubes_should_share_the_same_uuid() {&#10;    // Write code here that turns the phrase above into concrete actions&#10;    throw new io.cucumber.java.PendingException();&#10;}&#10;@Then(&quot;all Tube logs should be queryable for their UUIDs&quot;)&#10;public void all_tube_logs_should_be_queryable_for_their_uui_ds() {&#10;    // Write code here that turns the phrase above into concrete actions&#10;    throw new io.cucumber.java.PendingException();&#10;}&#10;" type="io.cucumber.junit.platform.engine.UndefinedStepException"><![CDATA[io.cucumber.junit.platform.engine.UndefinedStepException: 
The step '100 Tubes are instantiated simultaneously' and 3 other step(s) are undefined.
You can implement these steps using the snippet(s) below:

@When("{int} Tubes are instantiated simultaneously")
public void tubes_are_instantiated_simultaneously(Integer int1) {
    // Write code here that turns the phrase above into concrete actions
    throw new io.cucumber.java.PendingException();
}
@Then("each Tube should have a unique UUID")
public void each_tube_should_have_a_unique_uuid() {
    // Write code here that turns the phrase above into concrete actions
    throw new io.cucumber.java.PendingException();
}
@Then("no two Tubes should share the same UUID")
public void no_two_tubes_should_share_the_same_uuid() {
    // Write code here that turns the phrase above into concrete actions
    throw new io.cucumber.java.PendingException();
}
@Then("all Tube logs should be queryable for their UUIDs")
public void all_tube_logs_should_be_queryable_for_their_uui_ds() {
    // Write code here that turns the phrase above into concrete actions
    throw new io.cucumber.java.PendingException();
}

	at io.cucumber.core.runtime.TestCaseResultObserver.assertTestCasePassed(TestCaseResultObserver.java:69)
	at io.cucumber.junit.platform.engine.TestCaseResultObserver.assertTestCasePassed(TestCaseResultObserver.java:22)
	at io.cucumber.junit.platform.engine.CucumberEngineExecutionContext.lambda$runTestCase$4(CucumberEngineExecutionContext.java:114)
	at io.cucumber.core.runtime.CucumberExecutionContext.lambda$runTestCase$5(CucumberExecutionContext.java:137)
	at io.cucumber.core.runtime.RethrowingThrowableCollector.executeAndThrow(RethrowingThrowableCollector.java:23)
	at io.cucumber.core.runtime.CucumberExecutionContext.runTestCase(CucumberExecutionContext.java:137)
	at io.cucumber.junit.platform.engine.CucumberEngineExecutionContext.runTestCase(CucumberEngineExecutionContext.java:109)
	at io.cucumber.junit.platform.engine.NodeDescriptor$PickleDescriptor.execute(NodeDescriptor.java:168)
	at io.cucumber.junit.platform.engine.NodeDescriptor$PickleDescriptor.execute(NodeDescriptor.java:90)
	at java.base/java.util.ArrayList.forEach(ArrayList.java:1596)
	at java.base/java.util.ArrayList.forEach(ArrayList.java:1596)
]]></error>
    <system-out><![CDATA[
@ATL @L0_Tube @ATL @L0_Tube @Init @Identity @Scale
Scenario: Tube generates unique UUIDs across multiple instantiations &amp#27;[90m# tube/features/L0_Tube/TubeInitializationTest.feature:89&amp#27;[0m
2025-04-02 13:56:18.324 [main] INFO  org.samstraumr.tube.Environment - Environment initialized successfully
2025-04-02 13:56:18.325 [main] INFO  org.samstraumr.tube.steps.TubeInitializationSteps - Environment object confirmed instantiated.
  &amp#27;[32mGiven &amp#27;[0m&amp#27;[32mthe operating environment is ready&amp#27;[0m                           &amp#27;[90m# org.samstraumr.tube.steps.TubeInitializationSteps.the_operating_environment_is_ready()&amp#27;[0m
  &amp#27;[33mWhen &amp#27;[0m&amp#27;[33m100 Tubes are instantiated simultaneously&amp#27;[0m
  &amp#27;[36mThen &amp#27;[0m&amp#27;[36meach Tube should have a unique UUID&amp#27;[0m
  &amp#27;[36mAnd &amp#27;[0m&amp#27;[36mno two Tubes should share the same UUID&amp#27;[0m
  &amp#27;[36mAnd &amp#27;[0m&amp#27;[36mall Tube logs should be queryable for their UUIDs&amp#27;[0m
]]></system-out>
  </testcase>
  <testcase name="Tube Initialization and Logging - Tube logs are generated in real-time and are queryable" classname="Tube Initialization and Logging" time="0.0">
    <skipped message="&apos;cucumber.filter.tags=@Identity&apos; did not match this scenario"/>
  </testcase>
  <testcase name="Tube Initialization and Logging - Tube is self-contained and does not attempt external communications" classname="Tube Initialization and Logging" time="0.0">
    <skipped message="&apos;cucumber.filter.tags=@Identity&apos; did not match this scenario"/>
  </testcase>
  <testcase name="Tube Initialization and Logging - Tube self-awareness during resource changes" classname="Tube Initialization and Logging" time="0.0">
    <skipped message="&apos;cucumber.filter.tags=@Identity&apos; did not match this scenario"/>
  </testcase>
  <testcase name="Bundle Connection and Flow - Basic tubes connect into a data transformation bundle" classname="Bundle Connection and Flow" time="0.0">
    <skipped message="&apos;cucumber.filter.tags=@Identity&apos; did not match this scenario"/>
  </testcase>
  <testcase name="Bundle Connection and Flow - Bundles validate data between tube connections" classname="Bundle Connection and Flow" time="0.0">
    <skipped message="&apos;cucumber.filter.tags=@Identity&apos; did not match this scenario"/>
  </testcase>
  <testcase name="Bundle Connection and Flow - Bundles handle interruptions in data flow gracefully" classname="Bundle Connection and Flow" time="0.0">
    <skipped message="&apos;cucumber.filter.tags=@Identity&apos; did not match this scenario"/>
  </testcase>
  <testcase name="Bundle Connection and Flow - Bundles maintain performance under varying loads - Examples - Example #1.1" classname="Bundle Connection and Flow - Bundles maintain performance under varying loads - Examples" time="0.0">
    <skipped message="&apos;cucumber.filter.tags=@Identity&apos; did not match this scenario"/>
  </testcase>
  <testcase name="Bundle Connection and Flow - Bundles maintain performance under varying loads - Examples - Example #1.2" classname="Bundle Connection and Flow - Bundles maintain performance under varying loads - Examples" time="0.0">
    <skipped message="&apos;cucumber.filter.tags=@Identity&apos; did not match this scenario"/>
  </testcase>
  <testcase name="Bundle Connection and Flow - Bundles maintain performance under varying loads - Examples - Example #1.3" classname="Bundle Connection and Flow - Bundles maintain performance under varying loads - Examples" time="0.0">
    <skipped message="&apos;cucumber.filter.tags=@Identity&apos; did not match this scenario"/>
  </testcase>
  <testcase name="Machine State Management - Machine initializes with proper state hierarchy" classname="Machine State Management" time="0.0">
    <skipped message="&apos;cucumber.filter.tags=@Identity&apos; did not match this scenario"/>
  </testcase>
  <testcase name="Machine State Management - Machine propagates state changes to components" classname="Machine State Management" time="0.0">
    <skipped message="&apos;cucumber.filter.tags=@Identity&apos; did not match this scenario"/>
  </testcase>
  <testcase name="Machine State Management - Machine prevents invalid state transitions" classname="Machine State Management" time="0.0">
    <skipped message="&apos;cucumber.filter.tags=@Identity&apos; did not match this scenario"/>
  </testcase>
  <testcase name="Machine State Management - Machine gracefully transitions to shutdown state" classname="Machine State Management" time="0.0">
    <skipped message="&apos;cucumber.filter.tags=@Identity&apos; did not match this scenario"/>
  </testcase>
  <testcase name="System Resilience and Recovery - System recovers from component failures" classname="System Resilience and Recovery" time="0.0">
    <skipped message="&apos;cucumber.filter.tags=@Identity&apos; did not match this scenario"/>
  </testcase>
  <testcase name="System Resilience and Recovery - System handles resource exhaustion gracefully" classname="System Resilience and Recovery" time="0.0">
    <skipped message="&apos;cucumber.filter.tags=@Identity&apos; did not match this scenario"/>
  </testcase>
  <testcase name="System Resilience and Recovery - System self-heals after catastrophic failure" classname="System Resilience and Recovery" time="0.0">
    <skipped message="&apos;cucumber.filter.tags=@Identity&apos; did not match this scenario"/>
  </testcase>
  <testcase name="System Resilience and Recovery - System adapts to varying load conditions - Examples - Example #1.1" classname="System Resilience and Recovery - System adapts to varying load conditions - Examples" time="0.0">
    <skipped message="&apos;cucumber.filter.tags=@Identity&apos; did not match this scenario"/>
  </testcase>
  <testcase name="System Resilience and Recovery - System adapts to varying load conditions - Examples - Example #1.2" classname="System Resilience and Recovery - System adapts to varying load conditions - Examples" time="0.0">
    <skipped message="&apos;cucumber.filter.tags=@Identity&apos; did not match this scenario"/>
  </testcase>
  <testcase name="System Resilience and Recovery - System adapts to varying load conditions - Examples - Example #1.3" classname="System Resilience and Recovery - System adapts to varying load conditions - Examples" time="0.0">
    <skipped message="&apos;cucumber.filter.tags=@Identity&apos; did not match this scenario"/>
  </testcase>
</testsuite>